Info: Starting: Create HDL design files for synthesis
Info: qsys-generate Z:\embedded_systems\lab02\uart_pi\hw\quartus\system.qsys --synthesis=VHDL --output-directory=Z:\embedded_systems\lab02\uart_pi\hw\quartus\system\synthesis --family="Cyclone V" --part=5CSEMA4U23C6
Progress: Loading quartus/system.qsys
Progress: Reading input file
Progress: Adding clk_0 [clock_source 18.1]
Progress: Parameterizing module clk_0
Progress: Adding homemade_uart [uart_interface 1.0]
Progress: Parameterizing module homemade_uart
Progress: Adding jtag_uart_0 [altera_avalon_jtag_uart 18.1]
Progress: Parameterizing module jtag_uart_0
Progress: Adding nios2_gen2_0 [altera_nios2_gen2 18.1]
Progress: Parameterizing module nios2_gen2_0
Progress: Adding nios_led [altera_avalon_pio 18.1]
Progress: Parameterizing module nios_led
Progress: Adding onchip_memory2_0 [altera_avalon_onchip_memory2 18.1]
Progress: Parameterizing module onchip_memory2_0
Progress: Adding sysid [altera_avalon_sysid_qsys 18.1]
Progress: Parameterizing module sysid
Progress: Building connections
Progress: Parameterizing connections
Progress: Validating
Progress: Done reading input file
Info: system.jtag_uart_0: JTAG UART IP input clock need to be at least double (2x) the operating frequency of JTAG TCK on board
Info: system.sysid: System ID is not assigned automatically. Edit the System ID parameter to provide a unique ID
Info: system.sysid: Time stamp will be automatically updated when this component is generated.
Info: system: Generating system "system" for QUARTUS_SYNTH
Info: homemade_uart: "system" instantiated uart_interface "homemade_uart"
Info: jtag_uart_0: Starting RTL generation for module 'system_jtag_uart_0'
Info: jtag_uart_0:   Generation command is [exec C:/intelfpga_lite/18.1/quartus/bin64/perl/bin/perl.exe -I C:/intelfpga_lite/18.1/quartus/bin64/perl/lib -I C:/intelfpga_lite/18.1/quartus/sopc_builder/bin/europa -I C:/intelfpga_lite/18.1/quartus/sopc_builder/bin/perl_lib -I C:/intelfpga_lite/18.1/quartus/sopc_builder/bin -I C:/intelfpga_lite/18.1/quartus/../ip/altera/sopc_builder_ip/common -I C:/intelfpga_lite/18.1/quartus/../ip/altera/sopc_builder_ip/altera_avalon_jtag_uart -- C:/intelfpga_lite/18.1/quartus/../ip/altera/sopc_builder_ip/altera_avalon_jtag_uart/generate_rtl.pl --name=system_jtag_uart_0 --dir=C:/Users/Nicolas/AppData/Local/Temp/alt7857_2770088637400316552.dir/0003_jtag_uart_0_gen/ --quartus_dir=C:/intelfpga_lite/18.1/quartus --verilog --config=C:/Users/Nicolas/AppData/Local/Temp/alt7857_2770088637400316552.dir/0003_jtag_uart_0_gen//system_jtag_uart_0_component_configuration.pl  --do_build_sim=0  ]
Info: jtag_uart_0: Done RTL generation for module 'system_jtag_uart_0'
Info: jtag_uart_0: "system" instantiated altera_avalon_jtag_uart "jtag_uart_0"
Info: nios2_gen2_0: "system" instantiated altera_nios2_gen2 "nios2_gen2_0"
Info: nios_led: Starting RTL generation for module 'system_nios_led'
Info: nios_led:   Generation command is [exec C:/intelfpga_lite/18.1/quartus/bin64/perl/bin/perl.exe -I C:/intelfpga_lite/18.1/quartus/bin64/perl/lib -I C:/intelfpga_lite/18.1/quartus/sopc_builder/bin/europa -I C:/intelfpga_lite/18.1/quartus/sopc_builder/bin/perl_lib -I C:/intelfpga_lite/18.1/quartus/sopc_builder/bin -I C:/intelfpga_lite/18.1/quartus/../ip/altera/sopc_builder_ip/common -I C:/intelfpga_lite/18.1/quartus/../ip/altera/sopc_builder_ip/altera_avalon_pio -- C:/intelfpga_lite/18.1/quartus/../ip/altera/sopc_builder_ip/altera_avalon_pio/generate_rtl.pl --name=system_nios_led --dir=C:/Users/Nicolas/AppData/Local/Temp/alt7857_2770088637400316552.dir/0004_nios_led_gen/ --quartus_dir=C:/intelfpga_lite/18.1/quartus --verilog --config=C:/Users/Nicolas/AppData/Local/Temp/alt7857_2770088637400316552.dir/0004_nios_led_gen//system_nios_led_component_configuration.pl  --do_build_sim=0  ]
Info: nios_led: Done RTL generation for module 'system_nios_led'
Info: nios_led: "system" instantiated altera_avalon_pio "nios_led"
Info: onchip_memory2_0: Starting RTL generation for module 'system_onchip_memory2_0'
Info: onchip_memory2_0:   Generation command is [exec C:/intelfpga_lite/18.1/quartus/bin64/perl/bin/perl.exe -I C:/intelfpga_lite/18.1/quartus/bin64/perl/lib -I C:/intelfpga_lite/18.1/quartus/sopc_builder/bin/europa -I C:/intelfpga_lite/18.1/quartus/sopc_builder/bin/perl_lib -I C:/intelfpga_lite/18.1/quartus/sopc_builder/bin -I C:/intelfpga_lite/18.1/quartus/../ip/altera/sopc_builder_ip/common -I C:/intelfpga_lite/18.1/quartus/../ip/altera/sopc_builder_ip/altera_avalon_onchip_memory2 -- C:/intelfpga_lite/18.1/quartus/../ip/altera/sopc_builder_ip/altera_avalon_onchip_memory2/generate_rtl.pl --name=system_onchip_memory2_0 --dir=C:/Users/Nicolas/AppData/Local/Temp/alt7857_2770088637400316552.dir/0005_onchip_memory2_0_gen/ --quartus_dir=C:/intelfpga_lite/18.1/quartus --verilog --config=C:/Users/Nicolas/AppData/Local/Temp/alt7857_2770088637400316552.dir/0005_onchip_memory2_0_gen//system_onchip_memory2_0_component_configuration.pl  --do_build_sim=0  ]
Info: onchip_memory2_0: Done RTL generation for module 'system_onchip_memory2_0'
Info: onchip_memory2_0: "system" instantiated altera_avalon_onchip_memory2 "onchip_memory2_0"
Info: sysid: "system" instantiated altera_avalon_sysid_qsys "sysid"
Info: avalon_st_adapter: Inserting error_adapter: error_adapter_0
Info: avalon_st_adapter_001: Inserting error_adapter: error_adapter_0
Info: avalon_st_adapter_002: Inserting error_adapter: error_adapter_0
Info: avalon_st_adapter_003: Inserting error_adapter: error_adapter_0
Info: avalon_st_adapter_004: Inserting error_adapter: error_adapter_0
Info: avalon_st_adapter_005: Inserting error_adapter: error_adapter_0
Info: mm_interconnect_0: "system" instantiated altera_mm_interconnect "mm_interconnect_0"
Info: irq_mapper: "system" instantiated altera_irq_mapper "irq_mapper"
Info: rst_controller: "system" instantiated altera_reset_controller "rst_controller"
Info: cpu: Starting RTL generation for module 'system_nios2_gen2_0_cpu'
Info: cpu:   Generation command is [exec C:/intelFPGA_lite/18.1/quartus/bin64//eperlcmd.exe -I C:/intelFPGA_lite/18.1/quartus/bin64//perl/lib -I C:/intelfpga_lite/18.1/quartus/sopc_builder/bin/europa -I C:/intelfpga_lite/18.1/quartus/sopc_builder/bin/perl_lib -I C:/intelfpga_lite/18.1/quartus/sopc_builder/bin -I C:/intelfpga_lite/18.1/quartus/../ip/altera/nios2_ip/altera_nios2_gen2/cpu_lib -I C:/intelfpga_lite/18.1/quartus/../ip/altera/nios2_ip/altera_nios2_gen2/nios_lib -I C:/intelfpga_lite/18.1/quartus/../ip/altera/nios2_ip/altera_nios2_gen2 -I C:/intelfpga_lite/18.1/quartus/../ip/altera/nios2_ip/altera_nios2_gen2 -- C:/intelfpga_lite/18.1/quartus/../ip/altera/nios2_ip/altera_nios2_gen2/generate_rtl.epl --name=system_nios2_gen2_0_cpu --dir=C:/Users/Nicolas/AppData/Local/Temp/alt7857_2770088637400316552.dir/0009_cpu_gen/ --quartus_bindir=C:/intelFPGA_lite/18.1/quartus/bin64/ --verilog --config=C:/Users/Nicolas/AppData/Local/Temp/alt7857_2770088637400316552.dir/0009_cpu_gen//system_nios2_gen2_0_cpu_processor_configuration.pl  --do_build_sim=0  ]
Info: cpu: # 2018.11.23 00:59:40 (*) Starting Nios II generation
Info: cpu: # 2018.11.23 00:59:40 (*)   Checking for plaintext license.
Info: cpu: # 2018.11.23 00:59:40 (*)   Couldn't query license setup in Quartus directory C:/intelFPGA_lite/18.1/quartus/bin64/
Info: cpu: # 2018.11.23 00:59:40 (*)   Defaulting to contents of LM_LICENSE_FILE environment variable
Info: cpu: # 2018.11.23 00:59:40 (*)   LM_LICENSE_FILE environment variable is empty
Info: cpu: # 2018.11.23 00:59:40 (*)   Plaintext license not found.
Info: cpu: # 2018.11.23 00:59:40 (*)   Checking for encrypted license (non-evaluation).
Info: cpu: # 2018.11.23 00:59:41 (*)   Couldn't query license setup in Quartus directory C:/intelFPGA_lite/18.1/quartus/bin64/
Info: cpu: # 2018.11.23 00:59:41 (*)   Defaulting to contents of LM_LICENSE_FILE environment variable
Info: cpu: # 2018.11.23 00:59:41 (*)   LM_LICENSE_FILE environment variable is empty
Info: cpu: # 2018.11.23 00:59:41 (*)   Encrypted license not found.  Defaulting to OCP evaluation license (produces a time-limited SOF)
Info: cpu: # 2018.11.23 00:59:41 (*)   Elaborating CPU configuration settings
Info: cpu: # 2018.11.23 00:59:41 (*)   Creating all objects for CPU
Info: cpu: # 2018.11.23 00:59:41 (*)     Testbench
Info: cpu: # 2018.11.23 00:59:42 (*)     Instruction decoding
Info: cpu: # 2018.11.23 00:59:42 (*)       Instruction fields
Info: cpu: # 2018.11.23 00:59:42 (*)       Instruction decodes
Info: cpu: # 2018.11.23 00:59:42 (*)       Signals for RTL simulation waveforms
Info: cpu: # 2018.11.23 00:59:42 (*)       Instruction controls
Info: cpu: # 2018.11.23 00:59:42 (*)     Pipeline frontend
Info: cpu: # 2018.11.23 00:59:42 (*)     Pipeline backend
Info: cpu: # 2018.11.23 00:59:45 (*)   Generating RTL from CPU objects
Info: cpu: # 2018.11.23 00:59:47 (*)   Creating encrypted RTL
Info: cpu: # 2018.11.23 00:59:48 (*) Done Nios II generation
Info: cpu: Done RTL generation for module 'system_nios2_gen2_0_cpu'
Info: cpu: "nios2_gen2_0" instantiated altera_nios2_gen2_unit "cpu"
Info: nios2_gen2_0_data_master_translator: "mm_interconnect_0" instantiated altera_merlin_master_translator "nios2_gen2_0_data_master_translator"
Info: jtag_uart_0_avalon_jtag_slave_translator: "mm_interconnect_0" instantiated altera_merlin_slave_translator "jtag_uart_0_avalon_jtag_slave_translator"
Info: nios2_gen2_0_data_master_agent: "mm_interconnect_0" instantiated altera_merlin_master_agent "nios2_gen2_0_data_master_agent"
Info: jtag_uart_0_avalon_jtag_slave_agent: "mm_interconnect_0" instantiated altera_merlin_slave_agent "jtag_uart_0_avalon_jtag_slave_agent"
Info: jtag_uart_0_avalon_jtag_slave_agent_rsp_fifo: "mm_interconnect_0" instantiated altera_avalon_sc_fifo "jtag_uart_0_avalon_jtag_slave_agent_rsp_fifo"
Info: router: "mm_interconnect_0" instantiated altera_merlin_router "router"
Info: router_001: "mm_interconnect_0" instantiated altera_merlin_router "router_001"
Info: router_002: "mm_interconnect_0" instantiated altera_merlin_router "router_002"
Info: router_005: "mm_interconnect_0" instantiated altera_merlin_router "router_005"
Info: nios2_gen2_0_data_master_limiter: "mm_interconnect_0" instantiated altera_merlin_traffic_limiter "nios2_gen2_0_data_master_limiter"
Info: Reusing file Z:/embedded_systems/lab02/uart_pi/hw/quartus/system/synthesis/submodules/altera_avalon_sc_fifo.v
Info: cmd_demux: "mm_interconnect_0" instantiated altera_merlin_demultiplexer "cmd_demux"
Info: cmd_demux_001: "mm_interconnect_0" instantiated altera_merlin_demultiplexer "cmd_demux_001"
Info: cmd_mux: "mm_interconnect_0" instantiated altera_merlin_multiplexer "cmd_mux"
Info: cmd_mux_003: "mm_interconnect_0" instantiated altera_merlin_multiplexer "cmd_mux_003"
Info: Reusing file Z:/embedded_systems/lab02/uart_pi/hw/quartus/system/synthesis/submodules/altera_merlin_arbitrator.sv
Info: rsp_demux: "mm_interconnect_0" instantiated altera_merlin_demultiplexer "rsp_demux"
Info: rsp_demux_003: "mm_interconnect_0" instantiated altera_merlin_demultiplexer "rsp_demux_003"
Info: rsp_mux: "mm_interconnect_0" instantiated altera_merlin_multiplexer "rsp_mux"
Info: Reusing file Z:/embedded_systems/lab02/uart_pi/hw/quartus/system/synthesis/submodules/altera_merlin_arbitrator.sv
Info: rsp_mux_001: "mm_interconnect_0" instantiated altera_merlin_multiplexer "rsp_mux_001"
Info: Reusing file Z:/embedded_systems/lab02/uart_pi/hw/quartus/system/synthesis/submodules/altera_merlin_arbitrator.sv
Info: avalon_st_adapter: "mm_interconnect_0" instantiated altera_avalon_st_adapter "avalon_st_adapter"
Info: error_adapter_0: "avalon_st_adapter" instantiated error_adapter "error_adapter_0"
Info: system: Done "system" with 31 modules, 57 files
Info: qsys-generate succeeded.
Info: Finished: Create HDL design files for synthesis
