Info: Starting: Create block symbol file (.bsf)
Info: qsys-generate Z:\embedded_systems\video_system\hw\quartus\video_interface_sys.qsys --block-symbol-file --output-directory=Z:\embedded_systems\video_system\hw\quartus\video_interface_sys --family="Cyclone V" --part=5CSEMA4U23C6
Progress: Loading quartus/video_interface_sys.qsys
Progress: Reading input file
Progress: Adding address_span_extender_0 [altera_address_span_extender 18.1]
Progress: Parameterizing module address_span_extender_0
Progress: Adding camera_control [camera_control 1.0]
Progress: Parameterizing module camera_control
Progress: Adding clk_0 [clock_source 18.1]
Progress: Parameterizing module clk_0
Progress: Adding hps_0 [altera_hps 18.1]
Progress: Parameterizing module hps_0
Progress: Adding i2c_camera [i2c 15.1]
Progress: Parameterizing module i2c_camera
Progress: Adding jtag_uart_0 [altera_avalon_jtag_uart 18.1]
Progress: Parameterizing module jtag_uart_0
Progress: Adding lcd_control [lcd_control 1.0]
Progress: Parameterizing module lcd_control
Progress: Adding nios2_gen2_0 [altera_nios2_gen2 18.1]
Progress: Parameterizing module nios2_gen2_0
Progress: Adding onchip_memory2_0 [altera_avalon_onchip_memory2 18.1]
Progress: Parameterizing module onchip_memory2_0
Progress: Adding pio_leds [altera_avalon_pio 18.1]
Progress: Parameterizing module pio_leds
Progress: Building connections
Progress: Parameterizing connections
Progress: Validating
Progress: Done reading input file
Warning: video_interface_sys.hps_0: Setting the slave port width of interface f2h_sdram0 to 32 results in bandwidth under-utilization.  Altera recommends you set the interface data width to 64-bit or greater.
Info: video_interface_sys.hps_0: HPS Main PLL counter settings: n = 0  m = 73
Info: video_interface_sys.hps_0: HPS peripherial PLL counter settings: n = 0  m = 39
Warning: video_interface_sys.hps_0: "Configuration/HPS-to-FPGA user 0 clock frequency" (desired_cfg_clk_mhz) requested 100.0 MHz, but only achieved 97.368421 MHz
Warning: video_interface_sys.hps_0: 1 or more output clock frequencies cannot be achieved precisely, consider revising desired output clock frequencies.
Info: video_interface_sys.jtag_uart_0: JTAG UART IP input clock need to be at least double (2x) the operating frequency of JTAG TCK on board
Info: qsys-generate succeeded.
Info: Finished: Create block symbol file (.bsf)
Info: 
Info: Starting: Create HDL design files for synthesis
Info: qsys-generate Z:\embedded_systems\video_system\hw\quartus\video_interface_sys.qsys --synthesis=VHDL --output-directory=Z:\embedded_systems\video_system\hw\quartus\video_interface_sys\synthesis --family="Cyclone V" --part=5CSEMA4U23C6
Progress: Loading quartus/video_interface_sys.qsys
Progress: Reading input file
Progress: Adding address_span_extender_0 [altera_address_span_extender 18.1]
Progress: Parameterizing module address_span_extender_0
Progress: Adding camera_control [camera_control 1.0]
Progress: Parameterizing module camera_control
Progress: Adding clk_0 [clock_source 18.1]
Progress: Parameterizing module clk_0
Progress: Adding hps_0 [altera_hps 18.1]
Progress: Parameterizing module hps_0
Progress: Adding i2c_camera [i2c 15.1]
Progress: Parameterizing module i2c_camera
Progress: Adding jtag_uart_0 [altera_avalon_jtag_uart 18.1]
Progress: Parameterizing module jtag_uart_0
Progress: Adding lcd_control [lcd_control 1.0]
Progress: Parameterizing module lcd_control
Progress: Adding nios2_gen2_0 [altera_nios2_gen2 18.1]
Progress: Parameterizing module nios2_gen2_0
Progress: Adding onchip_memory2_0 [altera_avalon_onchip_memory2 18.1]
Progress: Parameterizing module onchip_memory2_0
Progress: Adding pio_leds [altera_avalon_pio 18.1]
Progress: Parameterizing module pio_leds
Progress: Building connections
Progress: Parameterizing connections
Progress: Validating
Progress: Done reading input file
Warning: video_interface_sys.hps_0: Setting the slave port width of interface f2h_sdram0 to 32 results in bandwidth under-utilization.  Altera recommends you set the interface data width to 64-bit or greater.
Info: video_interface_sys.hps_0: HPS Main PLL counter settings: n = 0  m = 73
Info: video_interface_sys.hps_0: HPS peripherial PLL counter settings: n = 0  m = 39
Warning: video_interface_sys.hps_0: "Configuration/HPS-to-FPGA user 0 clock frequency" (desired_cfg_clk_mhz) requested 100.0 MHz, but only achieved 97.368421 MHz
Warning: video_interface_sys.hps_0: 1 or more output clock frequencies cannot be achieved precisely, consider revising desired output clock frequencies.
Info: video_interface_sys.jtag_uart_0: JTAG UART IP input clock need to be at least double (2x) the operating frequency of JTAG TCK on board
Info: video_interface_sys: Generating video_interface_sys "video_interface_sys" for QUARTUS_SYNTH
Info: Interconnect is inserted between master address_span_extender_0.expanded_master and slave hps_0.f2h_sdram0_data because the master has address signal 32 bit wide, but the slave is 30 bit wide.
Info: Interconnect is inserted between master address_span_extender_0.expanded_master and slave hps_0.f2h_sdram0_data because the master has burstcount signal 7 bit wide, but the slave is 8 bit wide.
Info: address_span_extender_0: "video_interface_sys" instantiated altera_address_span_extender "address_span_extender_0"
Info: camera_control: "video_interface_sys" instantiated camera_control "camera_control"
Info: hps_0: "Running  for module: hps_0"
Warning: hps_0: Setting the slave port width of interface f2h_sdram0 to 32 results in bandwidth under-utilization.  Altera recommends you set the interface data width to 64-bit or greater.
Info: hps_0: HPS Main PLL counter settings: n = 0  m = 73
Info: hps_0: HPS peripherial PLL counter settings: n = 0  m = 39
Warning: hps_0: "Configuration/HPS-to-FPGA user 0 clock frequency" (desired_cfg_clk_mhz) requested 100.0 MHz, but only achieved 97.368421 MHz
Warning: hps_0: 1 or more output clock frequencies cannot be achieved precisely, consider revising desired output clock frequencies.
Info: hps_0: "video_interface_sys" instantiated altera_hps "hps_0"
Info: i2c_camera: "video_interface_sys" instantiated i2c "i2c_camera"
Info: jtag_uart_0: Starting RTL generation for module 'video_interface_sys_jtag_uart_0'
Info: jtag_uart_0:   Generation command is [exec C:/intelfpga_lite/18.1/quartus/bin64/perl/bin/perl.exe -I C:/intelfpga_lite/18.1/quartus/bin64/perl/lib -I C:/intelfpga_lite/18.1/quartus/sopc_builder/bin/europa -I C:/intelfpga_lite/18.1/quartus/sopc_builder/bin/perl_lib -I C:/intelfpga_lite/18.1/quartus/sopc_builder/bin -I C:/intelfpga_lite/18.1/quartus/../ip/altera/sopc_builder_ip/common -I C:/intelfpga_lite/18.1/quartus/../ip/altera/sopc_builder_ip/altera_avalon_jtag_uart -- C:/intelfpga_lite/18.1/quartus/../ip/altera/sopc_builder_ip/altera_avalon_jtag_uart/generate_rtl.pl --name=video_interface_sys_jtag_uart_0 --dir=C:/Users/Nicolas/AppData/Local/Temp/alt7873_2312415478202165773.dir/0008_jtag_uart_0_gen/ --quartus_dir=C:/intelfpga_lite/18.1/quartus --verilog --config=C:/Users/Nicolas/AppData/Local/Temp/alt7873_2312415478202165773.dir/0008_jtag_uart_0_gen//video_interface_sys_jtag_uart_0_component_configuration.pl  --do_build_sim=0  ]
Info: jtag_uart_0: Done RTL generation for module 'video_interface_sys_jtag_uart_0'
Info: jtag_uart_0: "video_interface_sys" instantiated altera_avalon_jtag_uart "jtag_uart_0"
Info: nios2_gen2_0: "video_interface_sys" instantiated altera_nios2_gen2 "nios2_gen2_0"
Info: onchip_memory2_0: Starting RTL generation for module 'video_interface_sys_onchip_memory2_0'
Info: onchip_memory2_0:   Generation command is [exec C:/intelfpga_lite/18.1/quartus/bin64/perl/bin/perl.exe -I C:/intelfpga_lite/18.1/quartus/bin64/perl/lib -I C:/intelfpga_lite/18.1/quartus/sopc_builder/bin/europa -I C:/intelfpga_lite/18.1/quartus/sopc_builder/bin/perl_lib -I C:/intelfpga_lite/18.1/quartus/sopc_builder/bin -I C:/intelfpga_lite/18.1/quartus/../ip/altera/sopc_builder_ip/common -I C:/intelfpga_lite/18.1/quartus/../ip/altera/sopc_builder_ip/altera_avalon_onchip_memory2 -- C:/intelfpga_lite/18.1/quartus/../ip/altera/sopc_builder_ip/altera_avalon_onchip_memory2/generate_rtl.pl --name=video_interface_sys_onchip_memory2_0 --dir=C:/Users/Nicolas/AppData/Local/Temp/alt7873_2312415478202165773.dir/0009_onchip_memory2_0_gen/ --quartus_dir=C:/intelfpga_lite/18.1/quartus --verilog --config=C:/Users/Nicolas/AppData/Local/Temp/alt7873_2312415478202165773.dir/0009_onchip_memory2_0_gen//video_interface_sys_onchip_memory2_0_component_configuration.pl  --do_build_sim=0  ]
Info: onchip_memory2_0: Done RTL generation for module 'video_interface_sys_onchip_memory2_0'
Info: onchip_memory2_0: "video_interface_sys" instantiated altera_avalon_onchip_memory2 "onchip_memory2_0"
Info: pio_leds: Starting RTL generation for module 'video_interface_sys_pio_leds'
Info: pio_leds:   Generation command is [exec C:/intelfpga_lite/18.1/quartus/bin64/perl/bin/perl.exe -I C:/intelfpga_lite/18.1/quartus/bin64/perl/lib -I C:/intelfpga_lite/18.1/quartus/sopc_builder/bin/europa -I C:/intelfpga_lite/18.1/quartus/sopc_builder/bin/perl_lib -I C:/intelfpga_lite/18.1/quartus/sopc_builder/bin -I C:/intelfpga_lite/18.1/quartus/../ip/altera/sopc_builder_ip/common -I C:/intelfpga_lite/18.1/quartus/../ip/altera/sopc_builder_ip/altera_avalon_pio -- C:/intelfpga_lite/18.1/quartus/../ip/altera/sopc_builder_ip/altera_avalon_pio/generate_rtl.pl --name=video_interface_sys_pio_leds --dir=C:/Users/Nicolas/AppData/Local/Temp/alt7873_2312415478202165773.dir/0010_pio_leds_gen/ --quartus_dir=C:/intelfpga_lite/18.1/quartus --verilog --config=C:/Users/Nicolas/AppData/Local/Temp/alt7873_2312415478202165773.dir/0010_pio_leds_gen//video_interface_sys_pio_leds_component_configuration.pl  --do_build_sim=0  ]
Info: pio_leds: Done RTL generation for module 'video_interface_sys_pio_leds'
Info: pio_leds: "video_interface_sys" instantiated altera_avalon_pio "pio_leds"
Info: avalon_st_adapter: Inserting error_adapter: error_adapter_0
Info: avalon_st_adapter_001: Inserting error_adapter: error_adapter_0
Info: avalon_st_adapter_002: Inserting error_adapter: error_adapter_0
Info: avalon_st_adapter_003: Inserting error_adapter: error_adapter_0
Info: avalon_st_adapter_004: Inserting error_adapter: error_adapter_0
Info: avalon_st_adapter_005: Inserting error_adapter: error_adapter_0
Info: avalon_st_adapter_006: Inserting error_adapter: error_adapter_0
Info: avalon_st_adapter_007: Inserting error_adapter: error_adapter_0
Info: mm_interconnect_0: "video_interface_sys" instantiated altera_mm_interconnect "mm_interconnect_0"
Info: avalon_st_adapter: Inserting error_adapter: error_adapter_0
Info: mm_interconnect_1: "video_interface_sys" instantiated altera_mm_interconnect "mm_interconnect_1"
Info: irq_mapper: "video_interface_sys" instantiated altera_irq_mapper "irq_mapper"
Info: rst_controller: "video_interface_sys" instantiated altera_reset_controller "rst_controller"
Info: fpga_interfaces: "hps_0" instantiated altera_interface_generator "fpga_interfaces"
Info: hps_io: "hps_0" instantiated altera_hps_io "hps_io"
Info: cpu: Starting RTL generation for module 'video_interface_sys_nios2_gen2_0_cpu'
Info: cpu:   Generation command is [exec C:/intelFPGA_lite/18.1/quartus/bin64//eperlcmd.exe -I C:/intelFPGA_lite/18.1/quartus/bin64//perl/lib -I C:/intelfpga_lite/18.1/quartus/sopc_builder/bin/europa -I C:/intelfpga_lite/18.1/quartus/sopc_builder/bin/perl_lib -I C:/intelfpga_lite/18.1/quartus/sopc_builder/bin -I C:/intelfpga_lite/18.1/quartus/../ip/altera/nios2_ip/altera_nios2_gen2/cpu_lib -I C:/intelfpga_lite/18.1/quartus/../ip/altera/nios2_ip/altera_nios2_gen2/nios_lib -I C:/intelfpga_lite/18.1/quartus/../ip/altera/nios2_ip/altera_nios2_gen2 -I C:/intelfpga_lite/18.1/quartus/../ip/altera/nios2_ip/altera_nios2_gen2 -- C:/intelfpga_lite/18.1/quartus/../ip/altera/nios2_ip/altera_nios2_gen2/generate_rtl.epl --name=video_interface_sys_nios2_gen2_0_cpu --dir=C:/Users/Nicolas/AppData/Local/Temp/alt7873_2312415478202165773.dir/0014_cpu_gen/ --quartus_bindir=C:/intelFPGA_lite/18.1/quartus/bin64/ --verilog --config=C:/Users/Nicolas/AppData/Local/Temp/alt7873_2312415478202165773.dir/0014_cpu_gen//video_interface_sys_nios2_gen2_0_cpu_processor_configuration.pl  --do_build_sim=0  ]
Info: cpu: # 2018.12.08 15:36:25 (*) Starting Nios II generation
Info: cpu: # 2018.12.08 15:36:25 (*)   Checking for plaintext license.
Info: cpu: # 2018.12.08 15:36:26 (*)   Couldn't query license setup in Quartus directory C:/intelFPGA_lite/18.1/quartus/bin64/
Info: cpu: # 2018.12.08 15:36:26 (*)   Defaulting to contents of LM_LICENSE_FILE environment variable
Info: cpu: # 2018.12.08 15:36:26 (*)   LM_LICENSE_FILE environment variable is empty
Info: cpu: # 2018.12.08 15:36:26 (*)   Plaintext license not found.
Info: cpu: # 2018.12.08 15:36:26 (*)   Checking for encrypted license (non-evaluation).
Info: cpu: # 2018.12.08 15:36:27 (*)   Couldn't query license setup in Quartus directory C:/intelFPGA_lite/18.1/quartus/bin64/
Info: cpu: # 2018.12.08 15:36:27 (*)   Defaulting to contents of LM_LICENSE_FILE environment variable
Info: cpu: # 2018.12.08 15:36:27 (*)   LM_LICENSE_FILE environment variable is empty
Info: cpu: # 2018.12.08 15:36:27 (*)   Encrypted license not found.  Defaulting to OCP evaluation license (produces a time-limited SOF)
Info: cpu: # 2018.12.08 15:36:27 (*)   Elaborating CPU configuration settings
Info: cpu: # 2018.12.08 15:36:27 (*)   Creating all objects for CPU
Info: cpu: # 2018.12.08 15:36:27 (*)     Testbench
Info: cpu: # 2018.12.08 15:36:27 (*)     Instruction decoding
Info: cpu: # 2018.12.08 15:36:27 (*)       Instruction fields
Info: cpu: # 2018.12.08 15:36:27 (*)       Instruction decodes
Info: cpu: # 2018.12.08 15:36:28 (*)       Signals for RTL simulation waveforms
Info: cpu: # 2018.12.08 15:36:28 (*)       Instruction controls
Info: cpu: # 2018.12.08 15:36:28 (*)     Pipeline frontend
Info: cpu: # 2018.12.08 15:36:28 (*)     Pipeline backend
Info: cpu: # 2018.12.08 15:36:31 (*)   Generating RTL from CPU objects
Info: cpu: # 2018.12.08 15:36:33 (*)   Creating encrypted RTL
Info: cpu: # 2018.12.08 15:36:34 (*) Done Nios II generation
Info: cpu: Done RTL generation for module 'video_interface_sys_nios2_gen2_0_cpu'
Info: cpu: "nios2_gen2_0" instantiated altera_nios2_gen2_unit "cpu"
Info: camera_control_avalon_master_0_translator: "mm_interconnect_0" instantiated altera_merlin_master_translator "camera_control_avalon_master_0_translator"
Info: address_span_extender_0_windowed_slave_translator: "mm_interconnect_0" instantiated altera_merlin_slave_translator "address_span_extender_0_windowed_slave_translator"
Info: camera_control_avalon_master_0_agent: "mm_interconnect_0" instantiated altera_merlin_master_agent "camera_control_avalon_master_0_agent"
Info: address_span_extender_0_windowed_slave_agent: "mm_interconnect_0" instantiated altera_merlin_slave_agent "address_span_extender_0_windowed_slave_agent"
Info: address_span_extender_0_windowed_slave_agent_rsp_fifo: "mm_interconnect_0" instantiated altera_avalon_sc_fifo "address_span_extender_0_windowed_slave_agent_rsp_fifo"
Info: router: "mm_interconnect_0" instantiated altera_merlin_router "router"
Info: router_002: "mm_interconnect_0" instantiated altera_merlin_router "router_002"
Info: router_003: "mm_interconnect_0" instantiated altera_merlin_router "router_003"
Info: router_004: "mm_interconnect_0" instantiated altera_merlin_router "router_004"
Info: router_005: "mm_interconnect_0" instantiated altera_merlin_router "router_005"
Info: router_006: "mm_interconnect_0" instantiated altera_merlin_router "router_006"
Info: router_009: "mm_interconnect_0" instantiated altera_merlin_router "router_009"
Info: nios2_gen2_0_data_master_limiter: "mm_interconnect_0" instantiated altera_merlin_traffic_limiter "nios2_gen2_0_data_master_limiter"
Info: Reusing file Z:/embedded_systems/video_system/hw/quartus/video_interface_sys/synthesis/submodules/altera_avalon_sc_fifo.v
Info: i2c_camera_avalon_slave_burst_adapter: "mm_interconnect_0" instantiated altera_merlin_burst_adapter "i2c_camera_avalon_slave_burst_adapter"
Info: Reusing file Z:/embedded_systems/video_system/hw/quartus/video_interface_sys/synthesis/submodules/altera_avalon_st_pipeline_base.v
Info: cmd_demux: "mm_interconnect_0" instantiated altera_merlin_demultiplexer "cmd_demux"
Info: cmd_demux_002: "mm_interconnect_0" instantiated altera_merlin_demultiplexer "cmd_demux_002"
Info: cmd_demux_003: "mm_interconnect_0" instantiated altera_merlin_demultiplexer "cmd_demux_003"
Info: cmd_mux: "mm_interconnect_0" instantiated altera_merlin_multiplexer "cmd_mux"
Info: cmd_mux_001: "mm_interconnect_0" instantiated altera_merlin_multiplexer "cmd_mux_001"
Info: Reusing file Z:/embedded_systems/video_system/hw/quartus/video_interface_sys/synthesis/submodules/altera_merlin_arbitrator.sv
Info: cmd_mux_005: "mm_interconnect_0" instantiated altera_merlin_multiplexer "cmd_mux_005"
Info: Reusing file Z:/embedded_systems/video_system/hw/quartus/video_interface_sys/synthesis/submodules/altera_merlin_arbitrator.sv
Info: rsp_demux: "mm_interconnect_0" instantiated altera_merlin_demultiplexer "rsp_demux"
Info: rsp_demux_005: "mm_interconnect_0" instantiated altera_merlin_demultiplexer "rsp_demux_005"
Info: rsp_mux: "mm_interconnect_0" instantiated altera_merlin_multiplexer "rsp_mux"
Info: Reusing file Z:/embedded_systems/video_system/hw/quartus/video_interface_sys/synthesis/submodules/altera_merlin_arbitrator.sv
Info: rsp_mux_002: "mm_interconnect_0" instantiated altera_merlin_multiplexer "rsp_mux_002"
Info: Reusing file Z:/embedded_systems/video_system/hw/quartus/video_interface_sys/synthesis/submodules/altera_merlin_arbitrator.sv
Info: rsp_mux_003: "mm_interconnect_0" instantiated altera_merlin_multiplexer "rsp_mux_003"
Info: Reusing file Z:/embedded_systems/video_system/hw/quartus/video_interface_sys/synthesis/submodules/altera_merlin_arbitrator.sv
Info: i2c_camera_avalon_slave_rsp_width_adapter: "mm_interconnect_0" instantiated altera_merlin_width_adapter "i2c_camera_avalon_slave_rsp_width_adapter"
Info: Reusing file Z:/embedded_systems/video_system/hw/quartus/video_interface_sys/synthesis/submodules/altera_merlin_address_alignment.sv
Info: Reusing file Z:/embedded_systems/video_system/hw/quartus/video_interface_sys/synthesis/submodules/altera_merlin_burst_uncompressor.sv
Info: avalon_st_adapter: "mm_interconnect_0" instantiated altera_avalon_st_adapter "avalon_st_adapter"
Info: avalon_st_adapter_002: "mm_interconnect_0" instantiated altera_avalon_st_adapter "avalon_st_adapter_002"
Info: router: "mm_interconnect_1" instantiated altera_merlin_router "router"
Info: router_001: "mm_interconnect_1" instantiated altera_merlin_router "router_001"
Info: cmd_demux: "mm_interconnect_1" instantiated altera_merlin_demultiplexer "cmd_demux"
Info: cmd_mux: "mm_interconnect_1" instantiated altera_merlin_multiplexer "cmd_mux"
Info: Reusing file Z:/embedded_systems/video_system/hw/quartus/video_interface_sys/synthesis/submodules/altera_merlin_arbitrator.sv
Info: rsp_mux: "mm_interconnect_1" instantiated altera_merlin_multiplexer "rsp_mux"
Info: Reusing file Z:/embedded_systems/video_system/hw/quartus/video_interface_sys/synthesis/submodules/altera_merlin_arbitrator.sv
Info: border: "hps_io" instantiated altera_interface_generator "border"
Info: error_adapter_0: "avalon_st_adapter" instantiated error_adapter "error_adapter_0"
Info: error_adapter_0: "avalon_st_adapter_002" instantiated error_adapter "error_adapter_0"
Info: video_interface_sys: Done "video_interface_sys" with 52 modules, 131 files
Info: qsys-generate succeeded.
Info: Finished: Create HDL design files for synthesis
